TN:
SF:lib/middleware.js
FN:5,ErrorHandlingMiddlewareFunction
FNF:1
FNH:0
FNDA:0,ErrorHandlingMiddlewareFunction
DA:2,4
DA:3,4
DA:4,4
DA:6,0
DA:7,0
DA:8,0
DA:10,0
DA:11,0
DA:13,0
DA:14,0
DA:16,0
DA:18,4
LF:12
LH:4
BRDA:7,0,0,0
BRDA:7,0,1,0
BRDA:10,1,0,0
BRDA:10,1,1,0
BRDA:13,2,0,0
BRDA:13,2,1,0
BRF:6
BRH:0
end_of_record
TN:
SF:src/adapters/repositories/customer-repository.js
FN:2,(anonymous_0)
FN:3,adopt
FN:3,(anonymous_2)
FN:4,(anonymous_3)
FN:5,fulfilled
FN:6,rejected
FN:7,step
FN:15,(anonymous_7)
FN:16,(anonymous_8)
FN:26,(anonymous_9)
FN:27,(anonymous_10)
FNF:11
FNH:7
FNDA:6,(anonymous_0)
FNDA:0,adopt
FNDA:0,(anonymous_2)
FNDA:6,(anonymous_3)
FNDA:0,fulfilled
FNDA:0,rejected
FNDA:4,step
FNDA:4,(anonymous_7)
FNDA:4,(anonymous_8)
FNDA:2,(anonymous_9)
FNDA:2,(anonymous_10)
DA:2,6
DA:3,0
DA:4,6
DA:5,0
DA:6,0
DA:7,4
DA:8,6
DA:11,6
DA:12,6
DA:13,6
DA:16,4
DA:17,4
DA:18,2
DA:19,2
DA:23,2
DA:27,2
DA:28,2
DA:29,2
DA:33,6
DA:34,6
LF:20
LH:17
BRDA:2,0,0,6
BRDA:2,0,1,6
BRDA:2,0,2,6
BRDA:3,1,0,0
BRDA:3,1,1,0
BRDA:4,2,0,6
BRDA:4,2,1,6
BRDA:7,3,0,4
BRDA:7,3,1,0
BRDA:8,4,0,6
BRDA:8,4,1,6
BRDA:18,5,0,2
BRDA:18,5,1,0
BRF:13
BRH:9
end_of_record
TN:
SF:src/adapters/rest_apis/index.js
FN:2,(anonymous_0)
FNF:1
FNH:1
FNDA:2,(anonymous_0)
DA:2,2
DA:3,2
DA:5,2
DA:6,2
DA:7,2
DA:8,2
DA:9,2
DA:10,2
LF:8
LH:8
BRDA:2,0,0,2
BRDA:2,0,1,2
BRDA:2,0,2,2
BRDA:3,1,0,0
BRDA:3,1,1,2
BRDA:3,2,0,2
BRDA:3,2,1,2
BRF:7
BRH:6
end_of_record
TN:
SF:src/adapters/rest_apis/customers/get-customer.js
FN:2,(anonymous_0)
FN:3,adopt
FN:3,(anonymous_2)
FN:4,(anonymous_3)
FN:5,fulfilled
FN:6,rejected
FN:7,step
FN:16,getCustomer
FN:17,(anonymous_8)
FNF:9
FNH:7
FNDA:4,(anonymous_0)
FNDA:4,adopt
FNDA:0,(anonymous_2)
FNDA:4,(anonymous_3)
FNDA:4,fulfilled
FNDA:0,rejected
FNDA:8,step
FNDA:4,getCustomer
FNDA:4,(anonymous_8)
DA:2,4
DA:3,4
DA:4,4
DA:5,4
DA:6,0
DA:7,8
DA:8,4
DA:11,4
DA:12,4
DA:13,4
DA:14,4
DA:15,4
DA:17,4
DA:18,4
DA:19,4
DA:20,0
DA:21,4
DA:22,4
DA:23,4
DA:26,0
DA:27,0
DA:37,4
LF:22
LH:18
BRDA:2,0,0,4
BRDA:2,0,1,4
BRDA:2,0,2,4
BRDA:3,1,0,4
BRDA:3,1,1,0
BRDA:4,2,0,4
BRDA:4,2,1,4
BRDA:7,3,0,4
BRDA:7,3,1,4
BRDA:8,4,0,4
BRDA:8,4,1,4
BRDA:19,5,0,0
BRDA:19,5,1,4
BRF:13
BRH:11
end_of_record
TN:
SF:src/adapters/rest_apis/customers/index.js
FN:2,(anonymous_0)
FNF:1
FNH:1
FNDA:2,(anonymous_0)
DA:2,2
DA:3,2
DA:5,2
DA:6,2
DA:7,2
DA:8,2
DA:9,2
DA:10,2
DA:11,2
DA:12,2
DA:13,2
LF:11
LH:11
BRDA:2,0,0,2
BRDA:2,0,1,2
BRDA:2,0,2,2
BRDA:3,1,0,0
BRDA:3,1,1,2
BRDA:3,2,0,2
BRDA:3,2,1,2
BRF:7
BRH:6
end_of_record
TN:
SF:src/adapters/rest_apis/customers/post-customer.js
FN:2,(anonymous_0)
FN:3,adopt
FN:3,(anonymous_2)
FN:4,(anonymous_3)
FN:5,fulfilled
FN:6,rejected
FN:7,step
FN:11,(anonymous_7)
FN:20,postCustomer
FN:21,(anonymous_9)
FN:35,(anonymous_10)
FNF:11
FNH:10
FNDA:8,(anonymous_0)
FNDA:6,adopt
FNDA:0,(anonymous_2)
FNDA:8,(anonymous_3)
FNDA:4,fulfilled
FNDA:2,rejected
FNDA:10,step
FNDA:4,(anonymous_7)
FNDA:8,postCustomer
FNDA:8,(anonymous_9)
FNDA:8,(anonymous_10)
DA:2,4
DA:3,6
DA:4,8
DA:5,4
DA:6,2
DA:7,10
DA:8,8
DA:11,4
DA:12,4
DA:14,4
DA:15,4
DA:16,4
DA:17,4
DA:18,4
DA:19,4
DA:21,8
DA:22,8
DA:23,8
DA:24,8
DA:25,6
DA:26,4
DA:27,4
DA:30,4
DA:34,4
DA:35,4
DA:36,8
DA:55,8
DA:56,8
DA:57,8
DA:58,6
DA:59,2
DA:60,2
LF:32
LH:32
BRDA:2,0,0,4
BRDA:2,0,1,4
BRDA:2,0,2,4
BRDA:3,1,0,6
BRDA:3,1,1,0
BRDA:4,2,0,8
BRDA:4,2,1,8
BRDA:7,3,0,4
BRDA:7,3,1,6
BRDA:8,4,0,8
BRDA:8,4,1,8
BRDA:11,5,0,4
BRDA:11,5,1,4
BRDA:11,5,2,4
BRDA:12,6,0,0
BRDA:12,6,1,4
BRDA:12,7,0,4
BRDA:12,7,1,4
BRDA:57,8,0,6
BRDA:57,8,1,2
BRF:20
BRH:18
end_of_record
TN:
SF:src/domain/models/customer.js
FN:5,(anonymous_0)
FNF:1
FNH:1
FNDA:8,(anonymous_0)
DA:2,6
DA:3,6
DA:6,8
DA:7,8
DA:8,8
DA:9,8
DA:12,6
LF:7
LH:7
BRF:0
BRH:0
end_of_record
TN:
SF:src/domain/services/customer-service.js
FN:2,(anonymous_0)
FN:3,adopt
FN:3,(anonymous_2)
FN:4,(anonymous_3)
FN:5,fulfilled
FN:6,rejected
FN:7,step
FN:17,(anonymous_7)
FN:20,(anonymous_8)
FN:21,(anonymous_9)
FN:24,(anonymous_10)
FN:43,(anonymous_11)
FN:44,(anonymous_12)
FNF:13
FNH:11
FNDA:10,(anonymous_0)
FNDA:12,adopt
FNDA:0,(anonymous_2)
FNDA:10,(anonymous_3)
FNDA:12,fulfilled
FNDA:0,rejected
FNDA:20,step
FNDA:8,(anonymous_7)
FNDA:6,(anonymous_8)
FNDA:6,(anonymous_9)
FNDA:2,(anonymous_10)
FNDA:4,(anonymous_11)
FNDA:4,(anonymous_12)
DA:2,6
DA:3,12
DA:4,10
DA:5,12
DA:6,0
DA:7,20
DA:8,10
DA:11,6
DA:12,6
DA:13,6
DA:14,6
DA:15,6
DA:18,8
DA:21,6
DA:23,6
DA:24,6
DA:25,2
DA:26,2
DA:30,2
DA:32,6
DA:33,2
DA:34,4
DA:40,4
DA:44,4
DA:45,4
DA:49,6
LF:26
LH:25
BRDA:2,0,0,6
BRDA:2,0,1,6
BRDA:2,0,2,6
BRDA:3,1,0,12
BRDA:3,1,1,0
BRDA:4,2,0,10
BRDA:4,2,1,10
BRDA:7,3,0,8
BRDA:7,3,1,12
BRDA:8,4,0,10
BRDA:8,4,1,10
BRDA:32,5,0,2
BRDA:32,5,1,4
BRF:13
BRH:12
end_of_record
TN:
SF:src/infra/app.js
FN:2,(anonymous_0)
FN:15,(anonymous_1)
FNF:2
FNH:1
FNDA:4,(anonymous_0)
FNDA:0,(anonymous_1)
DA:2,2
DA:3,4
DA:5,2
DA:6,2
DA:7,2
DA:8,2
DA:9,2
DA:11,2
DA:12,2
DA:13,2
DA:14,2
DA:15,2
DA:16,0
LF:13
LH:12
BRDA:2,0,0,2
BRDA:2,0,1,2
BRDA:2,0,2,2
BRDA:3,1,0,0
BRDA:3,1,1,4
BRDA:3,2,0,4
BRDA:3,2,1,4
BRF:7
BRH:6
end_of_record
TN:
SF:src/utils/errors.js
FN:5,(anonymous_0)
FN:12,(anonymous_1)
FN:27,(anonymous_2)
FN:34,(anonymous_3)
FN:49,(anonymous_4)
FN:56,(anonymous_5)
FNF:6
FNH:3
FNDA:2,(anonymous_0)
FNDA:0,(anonymous_1)
FNDA:2,(anonymous_2)
FNDA:0,(anonymous_3)
FNDA:2,(anonymous_4)
FNDA:0,(anonymous_5)
DA:2,6
DA:3,6
DA:6,2
DA:7,2
DA:8,2
DA:9,2
DA:10,2
DA:13,0
DA:25,6
DA:28,2
DA:29,2
DA:30,2
DA:31,2
DA:32,2
DA:35,0
DA:47,6
DA:50,2
DA:51,2
DA:52,2
DA:53,2
DA:54,2
DA:57,0
DA:69,6
LF:23
LH:20
BRF:0
BRH:0
end_of_record
